::1 - - [01/Jun/2026 09:19:36] "GET / HTTP/1.1" 200 -
::1 - - [01/Jun/2026 09:19:36] "GET /css/style.css HTTP/1.1" 200 -
::1 - - [01/Jun/2026 09:19:36] "GET /assets/vaakibh_logo.svg HTTP/1.1" 200 -
::1 - - [01/Jun/2026 09:19:36] "GET /assets/hero-bg.jpg HTTP/1.1" 200 -
::1 - - [01/Jun/2026 09:19:36] "GET /assets/illustrations/halo-circle.svg HTTP/1.1" 200 -
::1 - - [01/Jun/2026 09:19:36] "GET /assets/illustrations/divider-diya.svg HTTP/1.1" 200 -
::1 - - [01/Jun/2026 09:19:36] "GET /assets/grantha/dnyaneshwari.png HTTP/1.1" 200 -
::1 - - [01/Jun/2026 09:19:36] "GET /js/home.js HTTP/1.1" 200 -
::1 - - [01/Jun/2026 09:19:36] "GET /assets/grantha/tukaram%20gaatha.png HTTP/1.1" 200 -
::1 - - [01/Jun/2026 09:19:36] "GET /assets/grantha/namdev%20gaatha.png HTTP/1.1" 200 -
::1 - - [01/Jun/2026 09:19:36] "GET /assets/grantha/eknaathi%20bhagwat.png HTTP/1.1" 200 -
::1 - - [01/Jun/2026 09:19:36] "GET /assets/illustrations/divider-lotus.svg HTTP/1.1" 200 -
::1 - - [01/Jun/2026 09:19:36] "GET /assets/sant/sant%20dnyaneshwar.png HTTP/1.1" 200 -
::1 - - [01/Jun/2026 09:19:36] "GET /assets/sant/sant%20namdev.png HTTP/1.1" 200 -
::1 - - [01/Jun/2026 09:19:36] "GET /assets/sant/sant%20tukaram.png HTTP/1.1" 200 -
::1 - - [01/Jun/2026 09:19:36] "GET /assets/sant/sant%20eknaath.png HTTP/1.1" 200 -
::1 - - [01/Jun/2026 09:19:36] "GET /assets/sant/sant%20nirutti%20maharaj.png HTTP/1.1" 200 -
::1 - - [01/Jun/2026 09:19:36] "GET /assets/sant/sant%20muktabai.png HTTP/1.1" 200 -
::1 - - [01/Jun/2026 09:19:36] "GET /assets/sant/%E0%A4%B8%E0%A4%82%E0%A4%A4%20%E0%A4%B8%E0%A5%8B%E0%A4%AA%E0%A4%BE%E0%A4%A8%20%E0%A4%95%E0%A4%BE%E0%A4%95%E0%A4%BE%20%E0%A4%AE%E0%A4%B9%E0%A4%BE%E0%A4%B0%E0%A4%BE%E0%A4%9C.png HTTP/1.1" 200 -
::1 - - [01/Jun/2026 09:19:36] "GET /assets/sant/%E0%A4%B8%E0%A4%82%E0%A4%A4%20%E0%A4%9A%E0%A5%8B%E0%A4%96%E0%A4%BE%E0%A4%AE%E0%A5%87%E0%A4%B3%E0%A4%BE%20%E0%A4%AE%E0%A4%B9%E0%A4%BE%E0%A4%B0%E0%A4%BE%E0%A4%9C.png HTTP/1.1" 200 -
::1 - - [01/Jun/2026 09:19:36] "GET /assets/sant/%E0%A4%B8%E0%A4%82%E0%A4%A4%20%E0%A4%9C%E0%A4%A8%E0%A4%BE%E0%A4%AC%E0%A4%BE%E0%A4%88%20%E0%A4%AE%E0%A4%B9%E0%A4%BE%E0%A4%B0%E0%A4%BE%E0%A4%9C.png HTTP/1.1" 200 -
::1 - - [01/Jun/2026 09:19:36] "GET /assets/sant/sant%20kanho.png HTTP/1.1" 200 -
::1 - - [01/Jun/2026 09:19:36] "GET /assets/sant/%E0%A4%B8%E0%A4%82%E0%A4%A4%20%E0%A4%B0%E0%A5%8B%E0%A4%B9%E0%A4%BF%E0%A4%A6%E0%A4%BE%E0%A4%B8%20%E0%A4%AE%E0%A4%B9%E0%A4%BE%E0%A4%B0%E0%A4%BE%E0%A4%9C.png HTTP/1.1" 200 -
::1 - - [01/Jun/2026 09:19:36] "GET /assets/sant/%E0%A4%B8%E0%A4%82%E0%A4%A4%20%E0%A4%A8%E0%A4%B0%E0%A4%B9%E0%A4%B0%E0%A5%80%20%E0%A4%B8%E0%A5%8B%E0%A4%A8%E0%A4%BE%E0%A4%B0%20%E0%A4%AE%E0%A4%B9%E0%A4%BE%E0%A4%B0%E0%A4%BE%E0%A4%9C.png HTTP/1.1" 200 -
::1 - - [01/Jun/2026 09:19:36] "GET /assets/illustrations/category-book.svg HTTP/1.1" 200 -
::1 - - [01/Jun/2026 09:19:36] "GET /assets/illustrations/category-lotus.svg HTTP/1.1" 200 -
::1 - - [01/Jun/2026 09:19:36] "GET /assets/illustrations/category-diya.svg HTTP/1.1" 200 -
::1 - - [01/Jun/2026 09:19:36] "GET /assets/illustrations/category-rudraksha.svg HTTP/1.1" 200 -
::1 - - [01/Jun/2026 09:19:36] "GET /assets/whatsapp_icon.svg HTTP/1.1" 200 -
::1 - - [01/Jun/2026 09:19:36] "GET /assets/veena.svg HTTP/1.1" 200 -
::1 - - [01/Jun/2026 09:19:36] "GET /assets/vaakibh.mp4 HTTP/1.1" 200 -
::1 - - [01/Jun/2026 09:19:36] "GET /assets/vaakibh_audio.mp3 HTTP/1.1" 200 -
::1 - - [01/Jun/2026 09:19:37] "GET /assets/vaakibh.mp4 HTTP/1.1" 200 -
::1 - - [01/Jun/2026 09:19:37] code 404, message File not found
::1 - - [01/Jun/2026 09:19:37] "GET /favicon.ico HTTP/1.1" 404 -
::1 - - [01/Jun/2026 09:19:41] "GET /saints/dnyaneshwar/index.html HTTP/1.1" 200 -
----------------------------------------
Exception occurred during processing of request from ('::1', 60763, 0, 0)
Traceback (most recent call last):
  File "C:\Program Files\Python310\lib\socketserver.py", line 683, in process_request_thread
    self.finish_request(request, client_address)
  File "C:\Program Files\Python310\lib\http\server.py", line 1287, in finish_request
    self.RequestHandlerClass(request, client_address, self,
  File "C:\Program Files\Python310\lib\http\server.py", line 651, in __init__
    super().__init__(*args, **kwargs)
  File "C:\Program Files\Python310\lib\socketserver.py", line 747, in __init__
    self.handle()
  File "C:\Program Files\Python310\lib\http\server.py", line 425, in handle
    self.handle_one_request()
  File "C:\Program Files\Python310\lib\http\server.py", line 413, in handle_one_request
    method()
  File "C:\Program Files\Python310\lib\http\server.py", line 658, in do_GET
    self.copyfile(f, self.wfile)
  File "C:\Program Files\Python310\lib\http\server.py", line 858, in copyfile
    shutil.copyfileobj(source, outputfile)
  File "C:\Program Files\Python310\lib\shutil.py", line 198, in copyfileobj
    fdst_write(buf)
  File "C:\Program Files\Python310\lib\socketserver.py", line 826, in write
    self._sock.sendall(b)
ConnectionResetError: [WinError 10054] An existing connection was forcibly closed by the remote host
----------------------------------------
::1 - - [01/Jun/2026 09:19:44] "GET /saints/dnyaneshwar/charitra.html HTTP/1.1" 200 -
::1 - - [01/Jun/2026 09:19:44] "GET /js/nav.js HTTP/1.1" 200 -
::1 - - [01/Jun/2026 09:19:54] "GET /saints/dnyaneshwar/dnyaneshwari-in-marathi-adhyay-15.html HTTP/1.1" 200 -
::1 - - [01/Jun/2026 09:20:56] "GET /saints/dnyaneshwar/dnyaneshwar-gatha.html HTTP/1.1" 200 -
::1 - - [01/Jun/2026 09:21:07] "GET /assets/vaakibh.mp4 HTTP/1.1" 200 -
::1 - - [01/Jun/2026 09:21:07] "GET /assets/vaakibh_audio.mp3 HTTP/1.1" 200 -
::1 - - [01/Jun/2026 09:21:07] "GET /assets/vaakibh.mp4 HTTP/1.1" 200 -
----------------------------------------
Exception occurred during processing of request from ('::1', 61631, 0, 0)
Traceback (most recent call last):
  File "C:\Program Files\Python310\lib\socketserver.py", line 683, in process_request_thread
    self.finish_request(request, client_address)
  File "C:\Program Files\Python310\lib\http\server.py", line 1287, in finish_request
    self.RequestHandlerClass(request, client_address, self,
  File "C:\Program Files\Python310\lib\http\server.py", line 651, in __init__
    super().__init__(*args, **kwargs)
  File "C:\Program Files\Python310\lib\socketserver.py", line 747, in __init__
    self.handle()
  File "C:\Program Files\Python310\lib\http\server.py", line 425, in handle
    self.handle_one_request()
  File "C:\Program Files\Python310\lib\http\server.py", line 413, in handle_one_request
    method()
  File "C:\Program Files\Python310\lib\http\server.py", line 658, in do_GET
    self.copyfile(f, self.wfile)
  File "C:\Program Files\Python310\lib\http\server.py", line 858, in copyfile
    shutil.copyfileobj(source, outputfile)
  File "C:\Program Files\Python310\lib\shutil.py", line 198, in copyfileobj
    fdst_write(buf)
  File "C:\Program Files\Python310\lib\socketserver.py", line 826, in write
    self._sock.sendall(b)
ConnectionResetError: [WinError 10054] An existing connection was forcibly closed by the remote host
::1 - - [01/Jun/2026 09:21:11] "GET /assets/vaakibh_audio.mp3 HTTP/1.1" 200 -
----------------------------------------
----------------------------------------
Exception occurred during processing of request from ('::1', 50608, 0, 0)
Traceback (most recent call last):
  File "C:\Program Files\Python310\lib\socketserver.py", line 683, in process_request_thread
    self.finish_request(request, client_address)
  File "C:\Program Files\Python310\lib\http\server.py", line 1287, in finish_request
    self.RequestHandlerClass(request, client_address, self,
  File "C:\Program Files\Python310\lib\http\server.py", line 651, in __init__
    super().__init__(*args, **kwargs)
  File "C:\Program Files\Python310\lib\socketserver.py", line 747, in __init__
    self.handle()
  File "C:\Program Files\Python310\lib\http\server.py", line 425, in handle
    self.handle_one_request()
  File "C:\Program Files\Python310\lib\http\server.py", line 413, in handle_one_request
    method()
  File "C:\Program Files\Python310\lib\http\server.py", line 658, in do_GET
    self.copyfile(f, self.wfile)
  File "C:\Program Files\Python310\lib\http\server.py", line 858, in copyfile
    shutil.copyfileobj(source, outputfile)
  File "C:\Program Files\Python310\lib\shutil.py", line 198, in copyfileobj
    fdst_write(buf)
  File "C:\Program Files\Python310\lib\socketserver.py", line 826, in write
    self._sock.sendall(b)
ConnectionAbortedError: [WinError 10053] An established connection was aborted by the software in your host machine
----------------------------------------
::1 - - [01/Jun/2026 09:21:13] "GET /saints/dnyaneshwar/dnyaneshwar-dnyaneshwari.html HTTP/1.1" 200 -
::1 - - [01/Jun/2026 09:21:17] code 404, message File not found
::1 - - [01/Jun/2026 09:21:17] "GET /wp-content/uploads/2019/01/%e0%a4%b8%e0%a4%82%e0%a4%a4-300x225.html HTTP/1.1" 404 -
::1 - - [01/Jun/2026 09:33:40] "GET /saints/dnyaneshwar/dnyaneshwar-virani.html HTTP/1.1" 200 -
::1 - - [01/Jun/2026 09:34:25] "GET /saints/dnyaneshwar/dnyaneshwar-pasaydan.html HTTP/1.1" 200 -
::1 - - [01/Jun/2026 09:42:48] "GET /saints/dnyaneshwar/dnyaneshwar-pasaydan.html HTTP/1.1" 200 -
::1 - - [01/Jun/2026 09:43:40] "GET /saints/dnyaneshwar/dnyaneshwar-pasaydan.html HTTP/1.1" 200 -
::1 - - [01/Jun/2026 09:43:41] code 404, message File not found
::1 - - [01/Jun/2026 09:43:41] "GET /cdn-cgi/challenge-platform/scripts/jsd/main.js HTTP/1.1" 404 -
::1 - - [01/Jun/2026 09:43:41] code 404, message File not found
::1 - - [01/Jun/2026 09:43:41] "GET /saints/dnyaneshwar/firebase-messaging-sw.js HTTP/1.1" 404 -
::1 - - [01/Jun/2026 09:44:50] "GET /saints/dnyaneshwar/dnyaneshwar-pasaydan.html HTTP/1.1" 200 -
::1 - - [01/Jun/2026 09:44:51] code 404, message File not found
::1 - - [01/Jun/2026 09:44:51] "GET /saints/dnyaneshwar/firebase-messaging-sw.js HTTP/1.1" 404 -
::1 - - [01/Jun/2026 09:44:51] code 404, message File not found
::1 - - [01/Jun/2026 09:44:51] "GET /cdn-cgi/challenge-platform/scripts/jsd/main.js HTTP/1.1" 404 -
::1 - - [01/Jun/2026 09:45:16] "GET /saints/dnyaneshwar/charitra.html HTTP/1.1" 200 -
::1 - - [01/Jun/2026 09:45:18] "GET /saints/dnyaneshwar/dnyaneshwari-in-marathi-adhyay-7.html HTTP/1.1" 200 -
::1 - - [01/Jun/2026 09:45:31] "GET /saints/dnyaneshwar/dnyaneshwar-sant-dnyaneshwar-haripath.html HTTP/1.1" 200 -
::1 - - [01/Jun/2026 09:50:45] code 404, message File not found
::1 - - [01/Jun/2026 09:50:45] "GET /wp-content/uploads/2019/01/%e0%a4%b8%e0%a4%82%e0%a4%a4-300x225.html HTTP/1.1" 404 -
::1 - - [01/Jun/2026 09:50:53] code 404, message File not found
::1 - - [01/Jun/2026 09:50:53] "GET /dnyaneshwari-in-marathi/dnyaneshwari-adhya-1/index.html HTTP/1.1" 404 -
::1 - - [01/Jun/2026 09:52:14] "GET /saints/dnyaneshwar/dnyaneshwar-dnyaneshwari.html HTTP/1.1" 200 -
::1 - - [01/Jun/2026 09:52:18] code 404, message File not found
::1 - - [01/Jun/2026 09:52:18] "GET /dnyaneshwari-in-marathi/adhyay-7/index.html HTTP/1.1" 404 -
::1 - - [01/Jun/2026 09:53:18] "GET /saints/dnyaneshwar/dnyaneshwar-dnyaneshwari.html HTTP/1.1" 200 -
::1 - - [01/Jun/2026 09:53:22] code 404, message File not found
::1 - - [01/Jun/2026 09:53:22] "GET /wp-content/uploads/2019/01/%e0%a4%b8%e0%a4%82%e0%a4%a4-300x225.html HTTP/1.1" 404 -
::1 - - [01/Jun/2026 09:53:56] "GET /saints/dnyaneshwar/dnyaneshwar-dnyaneshwari.html HTTP/1.1" 200 -
::1 - - [01/Jun/2026 09:54:10] "GET /js/home.js HTTP/1.1" 200 -
::1 - - [01/Jun/2026 09:54:10] "GET /assets/vaakibh.mp4 HTTP/1.1" 200 -
::1 - - [01/Jun/2026 09:54:10] "GET /assets/vaakibh_audio.mp3 HTTP/1.1" 200 -
::1 - - [01/Jun/2026 09:54:10] "GET /assets/vaakibh.mp4 HTTP/1.1" 200 -
----------------------------------------
Exception occurred during processing of request from ('::1', 52190, 0, 0)
Traceback (most recent call last):
  File "C:\Program Files\Python310\lib\socketserver.py", line 683, in process_request_thread
    self.finish_request(request, client_address)
  File "C:\Program Files\Python310\lib\http\server.py", line 1287, in finish_request
    self.RequestHandlerClass(request, client_address, self,
  File "C:\Program Files\Python310\lib\http\server.py", line 651, in __init__
    super().__init__(*args, **kwargs)
  File "C:\Program Files\Python310\lib\socketserver.py", line 747, in __init__
    self.handle()
  File "C:\Program Files\Python310\lib\http\server.py", line 425, in handle
    self.handle_one_request()
  File "C:\Program Files\Python310\lib\http\server.py", line 413, in handle_one_request
    method()
  File "C:\Program Files\Python310\lib\http\server.py", line 658, in do_GET
    self.copyfile(f, self.wfile)
  File "C:\Program Files\Python310\lib\http\server.py", line 858, in copyfile
    shutil.copyfileobj(source, outputfile)
  File "C:\Program Files\Python310\lib\shutil.py", line 198, in copyfileobj
    fdst_write(buf)
  File "C:\Program Files\Python310\lib\socketserver.py", line 826, in write
    self._sock.sendall(b)
ConnectionResetError: [WinError 10054] An existing connection was forcibly closed by the remote host
----------------------------------------
::1 - - [01/Jun/2026 09:55:43] "GET /saints/dnyaneshwar/dnyaneshwari-in-marathi-adhyay-13.html HTTP/1.1" 200 -
::1 - - [01/Jun/2026 09:55:46] "GET /saints/dnyaneshwar/dnyaneshwar-sant-dnyaneshwer-gatha-arthasahit-2.html HTTP/1.1" 200 -
::1 - - [01/Jun/2026 09:55:49] "GET /assets/vaakibh.mp4 HTTP/1.1" 200 -
::1 - - [01/Jun/2026 09:55:49] "GET /assets/vaakibh_audio.mp3 HTTP/1.1" 200 -
::1 - - [01/Jun/2026 09:55:50] "GET /assets/vaakibh.mp4 HTTP/1.1" 200 -
::1 - - [01/Jun/2026 09:55:51] "GET /saints/tukaram/index.html HTTP/1.1" 200 -
----------------------------------------
Exception occurred during processing of request from ('::1', 59977, 0, 0)
Traceback (most recent call last):
  File "C:\Program Files\Python310\lib\socketserver.py", line 683, in process_request_thread
    self.finish_request(request, client_address)
  File "C:\Program Files\Python310\lib\http\server.py", line 1287, in finish_request
    self.RequestHandlerClass(request, client_address, self,
  File "C:\Program Files\Python310\lib\http\server.py", line 651, in __init__
    super().__init__(*args, **kwargs)
  File "C:\Program Files\Python310\lib\socketserver.py", line 747, in __init__
    self.handle()
  File "C:\Program Files\Python310\lib\http\server.py", line 425, in handle
    self.handle_one_request()
  File "C:\Program Files\Python310\lib\http\server.py", line 413, in handle_one_request
    method()
  File "C:\Program Files\Python310\lib\http\server.py", line 658, in do_GET
    self.copyfile(f, self.wfile)
  File "C:\Program Files\Python310\lib\http\server.py", line 858, in copyfile
    shutil.copyfileobj(source, outputfile)
  File "C:\Program Files\Python310\lib\shutil.py", line 198, in copyfileobj
    fdst_write(buf)
  File "C:\Program Files\Python310\lib\socketserver.py", line 826, in write
    self._sock.sendall(b)
ConnectionResetError: [WinError 10054] An existing connection was forcibly closed by the remote host
----------------------------------------
::1 - - [01/Jun/2026 09:55:53] "GET /saints/tukaram/tukaram-tukaram-gatha.html HTTP/1.1" 200 -
::1 - - [01/Jun/2026 09:55:55] "GET /saints/tukaram/tukaram-sant-tukaram-haripath.html HTTP/1.1" 200 -
::1 - - [01/Jun/2026 09:55:59] "GET /saints/tukaram/tukaram-tukaram-gatha-19.html HTTP/1.1" 200 -
::1 - - [01/Jun/2026 09:56:02] "GET /assets/vaakibh.mp4 HTTP/1.1" 200 -
::1 - - [01/Jun/2026 09:56:03] "GET /saints/namdev/index.html HTTP/1.1" 200 -
----------------------------------------
Exception occurred during processing of request from ('::1', 49996, 0, 0)
Traceback (most recent call last):
  File "C:\Program Files\Python310\lib\socketserver.py", line 683, in process_request_thread
    self.finish_request(request, client_address)
  File "C:\Program Files\Python310\lib\http\server.py", line 1287, in finish_request
    self.RequestHandlerClass(request, client_address, self,
  File "C:\Program Files\Python310\lib\http\server.py", line 651, in __init__
    super().__init__(*args, **kwargs)
  File "C:\Program Files\Python310\lib\socketserver.py", line 747, in __init__
    self.handle()
  File "C:\Program Files\Python310\lib\http\server.py", line 425, in handle
    self.handle_one_request()
  File "C:\Program Files\Python310\lib\http\server.py", line 413, in handle_one_request
    method()
  File "C:\Program Files\Python310\lib\http\server.py", line 658, in do_GET
    self.copyfile(f, self.wfile)
  File "C:\Program Files\Python310\lib\http\server.py", line 858, in copyfile
    shutil.copyfileobj(source, outputfile)
  File "C:\Program Files\Python310\lib\shutil.py", line 198, in copyfileobj
    fdst_write(buf)
  File "C:\Program Files\Python310\lib\socketserver.py", line 826, in write
    self._sock.sendall(b)
ConnectionResetError: [WinError 10054] An existing connection was forcibly closed by the remote host
----------------------------------------
::1 - - [01/Jun/2026 09:56:04] "GET /saints/namdev/namdev-naamdev-charitra.html HTTP/1.1" 200 -
::1 - - [01/Jun/2026 09:56:08] "GET /saints/namdev/mr-wikipedia.html HTTP/1.1" 200 -
::1 - - [01/Jun/2026 09:56:10] "GET /saints/namdev/namdev-shrivitthalmahatmya.html HTTP/1.1" 200 -
::1 - - [01/Jun/2026 09:56:16] "GET /saints/eknath/index.html HTTP/1.1" 200 -
::1 - - [01/Jun/2026 09:56:17] "GET /saints/eknath/charitra.html HTTP/1.1" 200 -
::1 - - [01/Jun/2026 09:56:20] "GET /saints/eknath/arti.html HTTP/1.1" 200 -
::1 - - [01/Jun/2026 09:56:22] "GET /saints/eknath/eknath-abhang-3013-to-3220.html HTTP/1.1" 200 -
::1 - - [01/Jun/2026 09:56:27] "GET /saints/eknath/eknath-eknathi-bhagwat.html HTTP/1.1" 200 -
::1 - - [01/Jun/2026 09:58:40] "GET /assets/vaakibh.mp4 HTTP/1.1" 200 -
::1 - - [01/Jun/2026 09:58:40] "GET /assets/vaakibh_audio.mp3 HTTP/1.1" 200 -
::1 - - [01/Jun/2026 09:58:40] "GET /assets/vaakibh.mp4 HTTP/1.1" 200 -
----------------------------------------
Exception occurred during processing of request from ('::1', 54080, 0, 0)
Traceback (most recent call last):
  File "C:\Program Files\Python310\lib\socketserver.py", line 683, in process_request_thread
    self.finish_request(request, client_address)
  File "C:\Program Files\Python310\lib\http\server.py", line 1287, in finish_request
    self.RequestHandlerClass(request, client_address, self,
  File "C:\Program Files\Python310\lib\http\server.py", line 651, in __init__
    super().__init__(*args, **kwargs)
  File "C:\Program Files\Python310\lib\socketserver.py", line 747, in __init__
    self.handle()
  File "C:\Program Files\Python310\lib\http\server.py", line 425, in handle
    self.handle_one_request()
  File "C:\Program Files\Python310\lib\http\server.py", line 413, in handle_one_request
    method()
  File "C:\Program Files\Python310\lib\http\server.py", line 658, in do_GET
    self.copyfile(f, self.wfile)
  File "C:\Program Files\Python310\lib\http\server.py", line 858, in copyfile
    shutil.copyfileobj(source, outputfile)
  File "C:\Program Files\Python310\lib\shutil.py", line 198, in copyfileobj
    fdst_write(buf)
  File "C:\Program Files\Python310\lib\socketserver.py", line 826, in write
    self._sock.sendall(b)
ConnectionResetError: [WinError 10054] An existing connection was forcibly closed by the remote host
----------------------------------------
::1 - - [01/Jun/2026 11:09:04] "GET / HTTP/1.1" 200 -
::1 - - [01/Jun/2026 11:09:04] "GET /assets/hero-bg.jpg HTTP/1.1" 200 -
::1 - - [01/Jun/2026 11:09:04] "GET /assets/illustrations/halo-circle.svg HTTP/1.1" 200 -
::1 - - [01/Jun/2026 11:09:04] "GET /js/home.js HTTP/1.1" 200 -
::1 - - [01/Jun/2026 11:09:04] "GET /assets/illustrations/divider-diya.svg HTTP/1.1" 200 -
::1 - - [01/Jun/2026 11:09:04] "GET /assets/grantha/dnyaneshwari.png HTTP/1.1" 200 -
::1 - - [01/Jun/2026 11:09:04] "GET /assets/grantha/tukaram%20gaatha.png HTTP/1.1" 200 -
::1 - - [01/Jun/2026 11:09:04] "GET /assets/grantha/namdev%20gaatha.png HTTP/1.1" 200 -
::1 - - [01/Jun/2026 11:09:04] "GET /assets/grantha/eknaathi%20bhagwat.png HTTP/1.1" 200 -
::1 - - [01/Jun/2026 11:09:04] "GET /assets/illustrations/divider-lotus.svg HTTP/1.1" 200 -
::1 - - [01/Jun/2026 11:09:04] "GET /assets/sant/sant%20dnyaneshwar.png HTTP/1.1" 200 -
::1 - - [01/Jun/2026 11:09:04] "GET /assets/sant/sant%20tukaram.png HTTP/1.1" 200 -
::1 - - [01/Jun/2026 11:09:04] "GET /assets/sant/sant%20nirutti%20maharaj.png HTTP/1.1" 200 -
::1 - - [01/Jun/2026 11:09:04] "GET /assets/sant/%E0%A4%B8%E0%A4%82%E0%A4%A4%20%E0%A4%9A%E0%A5%8B%E0%A4%96%E0%A4%BE%E0%A4%AE%E0%A5%87%E0%A4%B3%E0%A4%BE%20%E0%A4%AE%E0%A4%B9%E0%A4%BE%E0%A4%B0%E0%A4%BE%E0%A4%9C.png HTTP/1.1" 200 -
::1 - - [01/Jun/2026 11:09:04] "GET /assets/sant/%E0%A4%B8%E0%A4%82%E0%A4%A4%20%E0%A4%9C%E0%A4%A8%E0%A4%BE%E0%A4%AC%E0%A4%BE%E0%A4%88%20%E0%A4%AE%E0%A4%B9%E0%A4%BE%E0%A4%B0%E0%A4%BE%E0%A4%9C.png HTTP/1.1" 200 -
::1 - - [01/Jun/2026 11:09:04] "GET /assets/illustrations/category-book.svg HTTP/1.1" 200 -
::1 - - [01/Jun/2026 11:09:04] "GET /assets/illustrations/category-lotus.svg HTTP/1.1" 200 -
::1 - - [01/Jun/2026 11:09:04] "GET /assets/illustrations/category-diya.svg HTTP/1.1" 200 -
::1 - - [01/Jun/2026 11:09:04] "GET /assets/illustrations/category-rudraksha.svg HTTP/1.1" 200 -
::1 - - [01/Jun/2026 11:09:04] "GET /assets/whatsapp_icon.svg HTTP/1.1" 200 -
::1 - - [01/Jun/2026 11:09:04] "GET /assets/veena.svg HTTP/1.1" 200 -
::1 - - [01/Jun/2026 11:09:04] "GET /assets/vaakibh.mp4 HTTP/1.1" 200 -
::1 - - [01/Jun/2026 11:09:04] "GET /assets/vaakibh_audio.mp3 HTTP/1.1" 200 -
::1 - - [01/Jun/2026 11:09:05] "GET /assets/vaakibh.mp4 HTTP/1.1" 200 -
::1 - - [01/Jun/2026 11:09:06] "GET /saints/dnyaneshwar/index.html HTTP/1.1" 200 -
----------------------------------------
Exception occurred during processing of request from ('::1', 54068, 0, 0)
Traceback (most recent call last):
  File "C:\Program Files\Python310\lib\socketserver.py", line 683, in process_request_thread
    self.finish_request(request, client_address)
  File "C:\Program Files\Python310\lib\http\server.py", line 1287, in finish_request
    self.RequestHandlerClass(request, client_address, self,
  File "C:\Program Files\Python310\lib\http\server.py", line 651, in __init__
    super().__init__(*args, **kwargs)
  File "C:\Program Files\Python310\lib\socketserver.py", line 747, in __init__
    self.handle()
  File "C:\Program Files\Python310\lib\http\server.py", line 425, in handle
    self.handle_one_request()
  File "C:\Program Files\Python310\lib\http\server.py", line 413, in handle_one_request
    method()
  File "C:\Program Files\Python310\lib\http\server.py", line 658, in do_GET
    self.copyfile(f, self.wfile)
  File "C:\Program Files\Python310\lib\http\server.py", line 858, in copyfile
    shutil.copyfileobj(source, outputfile)
  File "C:\Program Files\Python310\lib\shutil.py", line 198, in copyfileobj
    fdst_write(buf)
  File "C:\Program Files\Python310\lib\socketserver.py", line 826, in write
    self._sock.sendall(b)
ConnectionResetError: [WinError 10054] An existing connection was forcibly closed by the remote host
----------------------------------------
::1 - - [01/Jun/2026 11:09:08] "GET /saints/dnyaneshwar/dnyaneshwar-gatha.html HTTP/1.1" 200 -
::1 - - [01/Jun/2026 11:09:12] "GET /saints/dnyaneshwar/dnyaneshwari-in-marathi-adhyay-18.html HTTP/1.1" 200 -
::1 - - [01/Jun/2026 11:09:22] "GET /assets/vaakibh.mp4 HTTP/1.1" 200 -
::1 - - [01/Jun/2026 11:09:23] "GET /saints/kanhopatra/index.html HTTP/1.1" 200 -
----------------------------------------
Exception occurred during processing of request from ('::1', 65203, 0, 0)
Traceback (most recent call last):
  File "C:\Program Files\Python310\lib\socketserver.py", line 683, in process_request_thread
    self.finish_request(request, client_address)
  File "C:\Program Files\Python310\lib\http\server.py", line 1287, in finish_request
    self.RequestHandlerClass(request, client_address, self,
  File "C:\Program Files\Python310\lib\http\server.py", line 651, in __init__
    super().__init__(*args, **kwargs)
  File "C:\Program Files\Python310\lib\socketserver.py", line 747, in __init__
    self.handle()
  File "C:\Program Files\Python310\lib\http\server.py", line 425, in handle
    self.handle_one_request()
  File "C:\Program Files\Python310\lib\http\server.py", line 413, in handle_one_request
    method()
  File "C:\Program Files\Python310\lib\http\server.py", line 658, in do_GET
    self.copyfile(f, self.wfile)
  File "C:\Program Files\Python310\lib\http\server.py", line 858, in copyfile
    shutil.copyfileobj(source, outputfile)
  File "C:\Program Files\Python310\lib\shutil.py", line 198, in copyfileobj
    fdst_write(buf)
  File "C:\Program Files\Python310\lib\socketserver.py", line 826, in write
    self._sock.sendall(b)
ConnectionResetError: [WinError 10054] An existing connection was forcibly closed by the remote host
----------------------------------------
::1 - - [01/Jun/2026 11:09:24] "GET /saints/kanhopatra/kanhopatra-jyanche-gheta-mukhi-nam.html HTTP/1.1" 200 -
::1 - - [01/Jun/2026 11:09:30] "GET /saints/kanhopatra/kanhopatra-janmantariche-sukrut-aji-falansi-aale.html HTTP/1.1" 200 -
::1 - - [01/Jun/2026 11:09:35] "GET /assets/vaakibh.mp4 HTTP/1.1" 200 -
::1 - - [01/Jun/2026 11:09:36] "GET /saints/nivritti/index.html HTTP/1.1" 200 -
----------------------------------------
Exception occurred during processing of request from ('::1', 54978, 0, 0)
Traceback (most recent call last):
  File "C:\Program Files\Python310\lib\socketserver.py", line 683, in process_request_thread
    self.finish_request(request, client_address)
  File "C:\Program Files\Python310\lib\http\server.py", line 1287, in finish_request
    self.RequestHandlerClass(request, client_address, self,
  File "C:\Program Files\Python310\lib\http\server.py", line 651, in __init__
    super().__init__(*args, **kwargs)
  File "C:\Program Files\Python310\lib\socketserver.py", line 747, in __init__
    self.handle()
  File "C:\Program Files\Python310\lib\http\server.py", line 425, in handle
    self.handle_one_request()
  File "C:\Program Files\Python310\lib\http\server.py", line 413, in handle_one_request
    method()
  File "C:\Program Files\Python310\lib\http\server.py", line 658, in do_GET
    self.copyfile(f, self.wfile)
  File "C:\Program Files\Python310\lib\http\server.py", line 858, in copyfile
    shutil.copyfileobj(source, outputfile)
  File "C:\Program Files\Python310\lib\shutil.py", line 198, in copyfileobj
    fdst_write(buf)
  File "C:\Program Files\Python310\lib\socketserver.py", line 826, in write
    self._sock.sendall(b)
ConnectionResetError: [WinError 10054] An existing connection was forcibly closed by the remote host
----------------------------------------
::1 - - [01/Jun/2026 11:16:34] "GET /saints/kanhopatra/mr-wikipedia.html HTTP/1.1" 200 -
::1 - - [01/Jun/2026 11:16:39] "GET /saints/kanhopatra/kanhopatra-nako-devaraya-ant-aata-pahu.html HTTP/1.1" 200 -
::1 - - [01/Jun/2026 11:16:42] "GET /saints/kanhopatra/kanhopatra-maze-maher-pandhari.html HTTP/1.1" 200 -
::1 - - [01/Jun/2026 11:16:44] "GET /saints/kanhopatra/kanhopatra-name-doshi-jalati.html HTTP/1.1" 200 -
::1 - - [01/Jun/2026 11:16:51] "GET /saints/kanhopatra/mandir.html HTTP/1.1" 200 -
::1 - - [01/Jun/2026 11:16:54] "GET /assets/vaakibh.mp4 HTTP/1.1" 200 -
::1 - - [01/Jun/2026 11:16:54] "GET /assets/vaakibh_audio.mp3 HTTP/1.1" 200 -
::1 - - [01/Jun/2026 11:16:54] "GET /assets/vaakibh.mp4 HTTP/1.1" 200 -
::1 - - [01/Jun/2026 11:16:58] "GET /saints/kanho/index.html HTTP/1.1" 200 -
----------------------------------------
Exception occurred during processing of request from ('::1', 52687, 0, 0)
Traceback (most recent call last):
  File "C:\Program Files\Python310\lib\socketserver.py", line 683, in process_request_thread
    self.finish_request(request, client_address)
  File "C:\Program Files\Python310\lib\http\server.py", line 1287, in finish_request
    self.RequestHandlerClass(request, client_address, self,
  File "C:\Program Files\Python310\lib\http\server.py", line 651, in __init__
    super().__init__(*args, **kwargs)
  File "C:\Program Files\Python310\lib\socketserver.py", line 747, in __init__
    self.handle()
  File "C:\Program Files\Python310\lib\http\server.py", line 425, in handle
    self.handle_one_request()
  File "C:\Program Files\Python310\lib\http\server.py", line 413, in handle_one_request
    method()
  File "C:\Program Files\Python310\lib\http\server.py", line 658, in do_GET
    self.copyfile(f, self.wfile)
  File "C:\Program Files\Python310\lib\http\server.py", line 858, in copyfile
    shutil.copyfileobj(source, outputfile)
  File "C:\Program Files\Python310\lib\shutil.py", line 198, in copyfileobj
    fdst_write(buf)
  File "C:\Program Files\Python310\lib\socketserver.py", line 826, in write
    self._sock.sendall(b)
ConnectionResetError: [WinError 10054] An existing connection was forcibly closed by the remote host
----------------------------------------
::1 - - [01/Jun/2026 11:17:00] "GET /saints/kanho/kanho-pathak-sant-kanho-pathak-abhang-5.html HTTP/1.1" 200 -
::1 - - [01/Jun/2026 11:17:07] "GET /saints/narhari/index.html HTTP/1.1" 200 -
::1 - - [01/Jun/2026 11:17:18] "GET /assets/vaakibh.mp4 HTTP/1.1" 200 -
----------------------------------------
Exception occurred during processing of request from ('::1', 51873, 0, 0)
Traceback (most recent call last):
  File "C:\Program Files\Python310\lib\socketserver.py", line 683, in process_request_thread
    self.finish_request(request, client_address)
  File "C:\Program Files\Python310\lib\http\server.py", line 1287, in finish_request
    self.RequestHandlerClass(request, client_address, self,
  File "C:\Program Files\Python310\lib\http\server.py", line 651, in __init__
    super().__init__(*args, **kwargs)
  File "C:\Program Files\Python310\lib\socketserver.py", line 747, in __init__
    self.handle()
  File "C:\Program Files\Python310\lib\http\server.py", line 425, in handle
    self.handle_one_request()
  File "C:\Program Files\Python310\lib\http\server.py", line 413, in handle_one_request
    method()
  File "C:\Program Files\Python310\lib\http\server.py", line 658, in do_GET
    self.copyfile(f, self.wfile)
  File "C:\Program Files\Python310\lib\http\server.py", line 858, in copyfile
    shutil.copyfileobj(source, outputfile)
  File "C:\Program Files\Python310\lib\shutil.py", line 198, in copyfileobj
    fdst_write(buf)
  File "C:\Program Files\Python310\lib\socketserver.py", line 826, in write
    self._sock.sendall(b)
ConnectionResetError: [WinError 10054] An existing connection was forcibly closed by the remote host
----------------------------------------
::1 - - [01/Jun/2026 11:21:32] "GET /assets/vaakibh.mp4 HTTP/1.1" 200 -
::1 - - [01/Jun/2026 11:21:32] "GET /assets/vaakibh_audio.mp3 HTTP/1.1" 200 -
::1 - - [01/Jun/2026 11:21:32] "GET /assets/vaakibh.mp4 HTTP/1.1" 200 -
----------------------------------------
Exception occurred during processing of request from ('::1', 56184, 0, 0)
Traceback (most recent call last):
  File "C:\Program Files\Python310\lib\socketserver.py", line 683, in process_request_thread
    self.finish_request(request, client_address)
  File "C:\Program Files\Python310\lib\http\server.py", line 1287, in finish_request
    self.RequestHandlerClass(request, client_address, self,
  File "C:\Program Files\Python310\lib\http\server.py", line 651, in __init__
    super().__init__(*args, **kwargs)
  File "C:\Program Files\Python310\lib\socketserver.py", line 747, in __init__
    self.handle()
  File "C:\Program Files\Python310\lib\http\server.py", line 425, in handle
    self.handle_one_request()
  File "C:\Program Files\Python310\lib\http\server.py", line 413, in handle_one_request
    method()
  File "C:\Program Files\Python310\lib\http\server.py", line 658, in do_GET
    self.copyfile(f, self.wfile)
  File "C:\Program Files\Python310\lib\http\server.py", line 858, in copyfile
    shutil.copyfileobj(source, outputfile)
  File "C:\Program Files\Python310\lib\shutil.py", line 198, in copyfileobj
    fdst_write(buf)
  File "C:\Program Files\Python310\lib\socketserver.py", line 826, in write
    self._sock.sendall(b)
ConnectionResetError: [WinError 10054] An existing connection was forcibly closed by the remote host
----------------------------------------
::1 - - [01/Jun/2026 11:21:36] "GET /saints/dnyaneshwar/dnyaneshwari-in-marathi-dnyaneshwari-adhya-1.html HTTP/1.1" 200 -
::1 - - [01/Jun/2026 11:21:46] "GET /saints/dnyaneshwar/dnyaneshwari-in-marathi-dnyaneshwari-adhya-2.html HTTP/1.1" 200 -
::1 - - [01/Jun/2026 11:22:11] "GET /assets/vaakibh.mp4 HTTP/1.1" 200 -
::1 - - [01/Jun/2026 11:22:11] "GET /assets/vaakibh_audio.mp3 HTTP/1.1" 200 -
::1 - - [01/Jun/2026 11:22:11] "GET /assets/vaakibh.mp4 HTTP/1.1" 200 -
::1 - - [01/Jun/2026 11:22:15] "GET /saints/tukaram/index.html HTTP/1.1" 200 -
----------------------------------------
Exception occurred during processing of request from ('::1', 60841, 0, 0)
Traceback (most recent call last):
  File "C:\Program Files\Python310\lib\socketserver.py", line 683, in process_request_thread
    self.finish_request(request, client_address)
  File "C:\Program Files\Python310\lib\http\server.py", line 1287, in finish_request
    self.RequestHandlerClass(request, client_address, self,
  File "C:\Program Files\Python310\lib\http\server.py", line 651, in __init__
    super().__init__(*args, **kwargs)
  File "C:\Program Files\Python310\lib\socketserver.py", line 747, in __init__
    self.handle()
  File "C:\Program Files\Python310\lib\http\server.py", line 425, in handle
    self.handle_one_request()
  File "C:\Program Files\Python310\lib\http\server.py", line 413, in handle_one_request
    method()
  File "C:\Program Files\Python310\lib\http\server.py", line 658, in do_GET
    self.copyfile(f, self.wfile)
  File "C:\Program Files\Python310\lib\http\server.py", line 858, in copyfile
    shutil.copyfileobj(source, outputfile)
  File "C:\Program Files\Python310\lib\shutil.py", line 198, in copyfileobj
    fdst_write(buf)
  File "C:\Program Files\Python310\lib\socketserver.py", line 826, in write
    self._sock.sendall(b)
ConnectionResetError: [WinError 10054] An existing connection was forcibly closed by the remote host
----------------------------------------
::1 - - [01/Jun/2026 11:22:17] "GET /saints/tukaram/arti.html HTTP/1.1" 200 -
::1 - - [01/Jun/2026 11:22:23] "GET /saints/tukaram/tukaram-tukaram-gatha.html HTTP/1.1" 200 -
::1 - - [01/Jun/2026 11:45:46] "GET /assets/vaakibh.mp4 HTTP/1.1" 200 -
::1 - - [01/Jun/2026 16:18:04] "GET / HTTP/1.1" 200 -
::1 - - [01/Jun/2026 16:18:04] "GET /assets/hero-bg.jpg HTTP/1.1" 200 -
::1 - - [01/Jun/2026 16:18:04] "GET /assets/grantha/dnyaneshwari.png HTTP/1.1" 200 -
::1 - - [01/Jun/2026 16:18:04] "GET /assets/grantha/tukaram%20gaatha.png HTTP/1.1" 200 -
::1 - - [01/Jun/2026 16:18:04] "GET /assets/grantha/namdev%20gaatha.png HTTP/1.1" 200 -
::1 - - [01/Jun/2026 16:18:04] "GET /assets/illustrations/divider-diya.svg HTTP/1.1" 200 -
::1 - - [01/Jun/2026 16:18:04] "GET /assets/illustrations/halo-circle.svg HTTP/1.1" 200 -
::1 - - [01/Jun/2026 16:18:04] "GET /assets/illustrations/divider-lotus.svg HTTP/1.1" 200 -
::1 - - [01/Jun/2026 16:18:04] "GET /assets/grantha/eknaathi%20bhagwat.png HTTP/1.1" 200 -
::1 - - [01/Jun/2026 16:18:04] "GET /assets/sant/sant%20dnyaneshwar.png HTTP/1.1" 200 -
::1 - - [01/Jun/2026 16:18:04] "GET /assets/sant/sant%20tukaram.png HTTP/1.1" 200 -
::1 - - [01/Jun/2026 16:18:04] "GET /assets/sant/sant%20namdev.png HTTP/1.1" 200 -
::1 - - [01/Jun/2026 16:18:04] "GET /assets/sant/sant%20nirutti%20maharaj.png HTTP/1.1" 200 -
::1 - - [01/Jun/2026 16:18:04] "GET /js/home.js HTTP/1.1" 200 -
::1 - - [01/Jun/2026 16:18:04] "GET /assets/sant/sant%20muktabai.png HTTP/1.1" 200 -
::1 - - [01/Jun/2026 16:18:04] "GET /assets/sant/%E0%A4%B8%E0%A4%82%E0%A4%A4%20%E0%A4%B8%E0%A5%8B%E0%A4%AA%E0%A4%BE%E0%A4%A8%20%E0%A4%95%E0%A4%BE%E0%A4%95%E0%A4%BE%20%E0%A4%AE%E0%A4%B9%E0%A4%BE%E0%A4%B0%E0%A4%BE%E0%A4%9C.png HTTP/1.1" 200 -
::1 - - [01/Jun/2026 16:18:04] "GET /assets/sant/sant%20kanho.png HTTP/1.1" 200 -
::1 - - [01/Jun/2026 16:18:04] "GET /assets/sant/%E0%A4%B8%E0%A4%82%E0%A4%A4%20%E0%A4%A8%E0%A4%B0%E0%A4%B9%E0%A4%B0%E0%A5%80%20%E0%A4%B8%E0%A5%8B%E0%A4%A8%E0%A4%BE%E0%A4%B0%20%E0%A4%AE%E0%A4%B9%E0%A4%BE%E0%A4%B0%E0%A4%BE%E0%A4%9C.png HTTP/1.1" 200 -
::1 - - [01/Jun/2026 16:18:04] "GET /assets/illustrations/category-lotus.svg HTTP/1.1" 200 -
::1 - - [01/Jun/2026 16:18:04] "GET /assets/whatsapp_icon.svg HTTP/1.1" 200 -
::1 - - [01/Jun/2026 16:18:04] "GET /assets/illustrations/category-book.svg HTTP/1.1" 200 -
::1 - - [01/Jun/2026 16:18:04] "GET /assets/illustrations/category-diya.svg HTTP/1.1" 200 -
::1 - - [01/Jun/2026 16:18:04] "GET /assets/vaakibh.mp4 HTTP/1.1" 200 -
::1 - - [01/Jun/2026 16:18:04] "GET /assets/vaakibh_audio.mp3 HTTP/1.1" 200 -
::1 - - [01/Jun/2026 16:18:04] "GET /assets/illustrations/category-rudraksha.svg HTTP/1.1" 200 -
::1 - - [01/Jun/2026 16:18:04] "GET /assets/veena.svg HTTP/1.1" 200 -
::1 - - [01/Jun/2026 16:18:04] "GET /assets/vaakibh.mp4 HTTP/1.1" 200 -
----------------------------------------
Exception occurred during processing of request from ('::1', 50758, 0, 0)
::1 - - [01/Jun/2026 16:18:14] "GET /assets/vaakibh_audio.mp3 HTTP/1.1" 200 -
Traceback (most recent call last):
  File "C:\Program Files\Python310\lib\socketserver.py", line 683, in process_request_thread
    self.finish_request(request, client_address)
  File "C:\Program Files\Python310\lib\http\server.py", line 1287, in finish_request
    self.RequestHandlerClass(request, client_address, self,
  File "C:\Program Files\Python310\lib\http\server.py", line 651, in __init__
    super().__init__(*args, **kwargs)
  File "C:\Program Files\Python310\lib\socketserver.py", line 747, in __init__
    self.handle()
  File "C:\Program Files\Python310\lib\http\server.py", line 425, in handle
    self.handle_one_request()
  File "C:\Program Files\Python310\lib\http\server.py", line 413, in handle_one_request
    method()
  File "C:\Program Files\Python310\lib\http\server.py", line 658, in do_GET
    self.copyfile(f, self.wfile)
  File "C:\Program Files\Python310\lib\http\server.py", line 858, in copyfile
    shutil.copyfileobj(source, outputfile)
  File "C:\Program Files\Python310\lib\shutil.py", line 198, in copyfileobj
    fdst_write(buf)
  File "C:\Program Files\Python310\lib\socketserver.py", line 826, in write
    self._sock.sendall(b)
----------------------------------------
ConnectionResetError: [WinError 10054] An existing connection was forcibly closed by the remote host
----------------------------------------
Exception occurred during processing of request from ('::1', 64625, 0, 0)
Traceback (most recent call last):
  File "C:\Program Files\Python310\lib\socketserver.py", line 683, in process_request_thread
    self.finish_request(request, client_address)
  File "C:\Program Files\Python310\lib\http\server.py", line 1287, in finish_request
    self.RequestHandlerClass(request, client_address, self,
  File "C:\Program Files\Python310\lib\http\server.py", line 651, in __init__
    super().__init__(*args, **kwargs)
  File "C:\Program Files\Python310\lib\socketserver.py", line 747, in __init__
    self.handle()
  File "C:\Program Files\Python310\lib\http\server.py", line 425, in handle
    self.handle_one_request()
  File "C:\Program Files\Python310\lib\http\server.py", line 413, in handle_one_request
    method()
  File "C:\Program Files\Python310\lib\http\server.py", line 658, in do_GET
    self.copyfile(f, self.wfile)
  File "C:\Program Files\Python310\lib\http\server.py", line 858, in copyfile
    shutil.copyfileobj(source, outputfile)
  File "C:\Program Files\Python310\lib\shutil.py", line 198, in copyfileobj
    fdst_write(buf)
  File "C:\Program Files\Python310\lib\socketserver.py", line 826, in write
    self._sock.sendall(b)
ConnectionResetError: [WinError 10054] An existing connection was forcibly closed by the remote host
----------------------------------------
::1 - - [01/Jun/2026 16:18:14] "GET /css/style.css HTTP/1.1" 304 -
::1 - - [01/Jun/2026 16:26:35] "GET /assets/vaakibh.mp4 HTTP/1.1" 200 -
----------------------------------------
Exception occurred during processing of request from ('::1', 59195, 0, 0)
Traceback (most recent call last):
  File "C:\Program Files\Python310\lib\socketserver.py", line 683, in process_request_thread
    self.finish_request(request, client_address)
  File "C:\Program Files\Python310\lib\http\server.py", line 1287, in finish_request
    self.RequestHandlerClass(request, client_address, self,
  File "C:\Program Files\Python310\lib\http\server.py", line 651, in __init__
    super().__init__(*args, **kwargs)
  File "C:\Program Files\Python310\lib\socketserver.py", line 747, in __init__
    self.handle()
  File "C:\Program Files\Python310\lib\http\server.py", line 425, in handle
    self.handle_one_request()
  File "C:\Program Files\Python310\lib\http\server.py", line 413, in handle_one_request
    method()
  File "C:\Program Files\Python310\lib\http\server.py", line 658, in do_GET
    self.copyfile(f, self.wfile)
  File "C:\Program Files\Python310\lib\http\server.py", line 858, in copyfile
    shutil.copyfileobj(source, outputfile)
  File "C:\Program Files\Python310\lib\shutil.py", line 198, in copyfileobj
    fdst_write(buf)
  File "C:\Program Files\Python310\lib\socketserver.py", line 826, in write
    self._sock.sendall(b)
ConnectionResetError: [WinError 10054] An existing connection was forcibly closed by the remote host
----------------------------------------
::1 - - [01/Jun/2026 17:26:44] "GET /saints/dnyaneshwar/charitra.html HTTP/1.1" 200 -
::1 - - [01/Jun/2026 17:26:44] "GET /js/nav.js HTTP/1.1" 200 -
::1 - - [02/Jun/2026 09:43:32] "GET /saints/dnyaneshwar/charitra.html HTTP/1.1" 200 -
